#
# There is insufficient memory for the Java Runtime Environment to continue.
# Native memory allocation (malloc) failed to allocate 32744 bytes for Chunk::new
# Possible reasons:
#   The system is out of physical RAM or swap space
#   The process is running with CompressedOops enabled, and the Java Heap may be blocking the growth of the native heap
# Possible solutions:
#   Reduce memory load on the system
#   Increase physical memory or swap space
#   Check if swap backing store is full
#   Decrease Java heap size (-Xmx/-Xms)
#   Decrease number of Java threads
#   Decrease Java thread stack sizes (-Xss)
#   Set larger code cache with -XX:ReservedCodeCacheSize=
#   JVM is running with Zero Based Compressed Oops mode in which the Java heap is
#     placed in the first 32GB address space. The Java Heap base address is the
#     maximum limit for the native heap growth. Please use -XX:HeapBaseMinAddress
#     to set the Java Heap base and to place the Java Heap above 32GB virtual address.
# This output file may be truncated or incomplete.
#
#  Out of Memory Error (arena.cpp:168), pid=14160, tid=15668
#
# JRE version: Java(TM) SE Runtime Environment (21.0.2+13) (build 21.0.2+13-LTS-58)
# Java VM: Java HotSpot(TM) 64-Bit Server VM (21.0.2+13-LTS-58, mixed mode, tiered, compressed oops, compressed class ptrs, g1 gc, windows-amd64)
# No core dump will be written. Minidumps are not enabled by default on client versions of Windows
#

---------------  S U M M A R Y ------------

Command Line: -Dfile.encoding=UTF-8 -Dstdout.encoding=UTF-8 -Dstderr.encoding=UTF-8 -XX:+ShowCodeDetailsInExceptionMessages kurtsanor.TerminalAsessment

Host: AMD Ryzen 9 5900HX with Radeon Graphics        , 16 cores, 15G,  Windows 11 , 64 bit Build 22621 (10.0.22621.3085)
Time: Fri Mar 15 16:18:42 2024 Malay Peninsula Standard Time elapsed time: 0.099229 seconds (0d 0h 0m 0s)

---------------  T H R E A D  ---------------

Current thread (0x000001f751708c70):  JavaThread "main"             [_thread_in_vm, id=15668, stack(0x000000c9b4500000,0x000000c9b4600000) (1024K)]

Stack: [0x000000c9b4500000,0x000000c9b4600000]
Native frames: (J=compiled Java code, j=interpreted, Vv=VM code, C=native code)
V  [jvm.dll+0x6cade9]
V  [jvm.dll+0x8569c1]
V  [jvm.dll+0x858d2e]
V  [jvm.dll+0x859413]
V  [jvm.dll+0x280e56]
V  [jvm.dll+0xc3f3d]
V  [jvm.dll+0xc4473]
V  [jvm.dll+0x2206f5]
V  [jvm.dll+0x21f636]
V  [jvm.dll+0x7cec21]
V  [jvm.dll+0x7cfc85]
V  [jvm.dll+0x7d022f]
V  [jvm.dll+0x7cfed8]
V  [jvm.dll+0x26ed7b]
V  [jvm.dll+0x26efaa]
V  [jvm.dll+0x5d0147]
V  [jvm.dll+0x5d30ff]
V  [jvm.dll+0x3d7870]
V  [jvm.dll+0x3d6eed]
C  0x000001f763289720

The last pc belongs to invokestatic (printed below).
Java frames: (J=compiled Java code, j=interpreted, Vv=VM code)
j  jdk.internal.module.ModuleBootstrap.boot2()Ljava/lang/ModuleLayer;+1200 java.base@21.0.2
j  jdk.internal.module.ModuleBootstrap.boot()Ljava/lang/ModuleLayer;+64 java.base@21.0.2
j  java.lang.System.initPhase2(ZZ)I+0 java.base@21.0.2
v  ~StubRoutines::call_stub 0x000001f76327100d
invokestatic  184 invokestatic  [0x000001f763289680, 0x000001f763289928]  680 bytes
[MachCode]
  0x000001f763289680: 4883 ec08 | c5fa 1104 | 24eb 1f48 | 83ec 10c5 | fb11 0424 | eb14 4883 | ec10 4889 | 0424 48c7 
  0x000001f7632896a0: 4424 0800 | 0000 00eb | 0150 4c89 | 6dc0 410f | b755 0148 | 8b4d d0c1 | e202 8b5c | d138 c1eb 
  0x000001f7632896c0: 1081 e3ff | 0000 0081 | fbb8 0000 | 000f 84b4 | 0000 00bb | b800 0000 | e805 0000 | 00e9 9900 
  0x000001f7632896e0: 0000 488b | d348 8d44 | 2408 4c89 | 6dc0 498b | cfc5 f877 | 4989 afa8 | 0300 0049 | 8987 9803 
  0x000001f763289700: 0000 4883 | ec20 40f6 | c40f 0f84 | 1900 0000 | 4883 ec08 | 48b8 806e | 0db8 fd7f | 0000 ffd0 
  0x000001f763289720: 4883 c408 | e90c 0000 | 0048 b880 | 6e0d b8fd | 7f00 00ff | d048 83c4 | 2049 c787 | 9803 0000 
  0x000001f763289740: 0000 0000 | 49c7 87a8 | 0300 0000 | 0000 0049 | c787 a003 | 0000 0000 | 0000 c5f8 | 7749 837f 
  0x000001f763289760: 0800 0f84 | 0500 0000 | e993 77fe | ff4c 8b6d | c04c 8b75 | c84e 8d74 | f500 c341 | 0fb7 5501 
  0x000001f763289780: 488b 4dd0 | c1e2 0248 | 8b5c d140 | 488b 5b08 | 488b 5b08 | 488b 5b18 | 80bb 2001 | 0000 050f 
  0x000001f7632897a0: 840d 0000 | 004c 3bbb | 3001 0000 | 0f85 21ff | ffff 488b | 5cd1 408b | 54d1 50c1 | ea1c 49ba 
  0x000001f7632897c0: 10c6 94b8 | fd7f 0000 | 498b 14d2 | 5248 8b45 | d848 85c0 | 0f84 1200 | 0000 4883 | 4008 0148 
  0x000001f7632897e0: 8358 0800 | 4883 c010 | 4889 45d8 | 488b 45d8 | 4885 c00f | 8423 0100 | 0080 78f0 | 0a0f 8519 
  0x000001f763289800: 0100 0048 | 83c0 084c | 8b68 f841 | 83ed 0041 | 83fd 020f | 8cf8 0000 | 004c 8b6b | 0845 0fb7 
  0x000001f763289820: 6d2e 4c2b | 2841 83ed | 014e 8b6c | ec08 4d85 | ed75 0748 | 8348 0801 | eb4a 458b | 6d08 49ba 
  0x000001f763289840: 0000 0000 | 0800 0000 | 4d03 ea4c | 3368 0849 | f7c5 fcff | ffff 742c | 41f6 c502 | 7526 4883 
  0x000001f763289860: 7808 0074 | 1b48 8378 | 0801 7414 | 4c33 6808 | 49f7 c5fc | ffff ff74 | 0b48 8348 | 0802 eb04 
  0x000001f763289880: 4c89 6808 | 4883 c010 | 4c8b 68e8 | 4183 ed02 | 4183 fd02 | 0f8c 7700 | 0000 4c8b | 6b08 450f 
  0x000001f7632898a0: b76d 2e4c | 2b28 4183 | ed01 4e8b | 6cec 084d | 85ed 7507 | 4883 4808 | 01eb 4a45 | 8b6d 0849 
  0x000001f7632898c0: ba00 0000 | 0008 0000 | 004d 03ea | 4c33 6808 | 49f7 c5fc | ffff ff74 | 2c41 f6c5 | 0275 2648 
  0x000001f7632898e0: 8378 0800 | 741b 4883 | 7808 0174 | 144c 3368 | 0849 f7c5 | fcff ffff | 740b 4883 | 4808 02eb 
  0x000001f763289900: 044c 8968 | 0848 83c0 | 104c 8b68 | d841 83ed | 0441 c1e5 | 0349 03c5 | 4889 45d8 | 4c8d 6c24 
  0x000001f763289920: 084c 896d | f0ff 6350 
[/MachCode]

---------------  P R O C E S S  ---------------

Threads class SMR info:
_java_thread_list=0x000001f70406f530, length=9, elements={
0x000001f751708c70, 0x000001f70408db80, 0x000001f704071af0, 0x000001f704072900,
0x000001f704072f70, 0x000001f704074bb0, 0x000001f704077750, 0x000001f70407c310,
0x000001f7040a50b0
}

Java Threads: ( => current thread )
=>0x000001f751708c70 JavaThread "main"                              [_thread_in_vm, id=15668, stack(0x000000c9b4500000,0x000000c9b4600000) (1024K)]
  0x000001f70408db80 JavaThread "Reference Handler"          daemon [_thread_blocked, id=20988, stack(0x000000c9b4d00000,0x000000c9b4e00000) (1024K)]
  0x000001f704071af0 JavaThread "Finalizer"                  daemon [_thread_blocked, id=516, stack(0x000000c9b4e00000,0x000000c9b4f00000) (1024K)]
  0x000001f704072900 JavaThread "Signal Dispatcher"          daemon [_thread_blocked, id=19464, stack(0x000000c9b4f00000,0x000000c9b5000000) (1024K)]
  0x000001f704072f70 JavaThread "Attach Listener"            daemon [_thread_blocked, id=16644, stack(0x000000c9b5000000,0x000000c9b5100000) (1024K)]
  0x000001f704074bb0 JavaThread "Service Thread"             daemon [_thread_blocked, id=17296, stack(0x000000c9b5100000,0x000000c9b5200000) (1024K)]
  0x000001f704077750 JavaThread "Monitor Deflation Thread"   daemon [_thread_blocked, id=4728, stack(0x000000c9b5200000,0x000000c9b5300000) (1024K)]
  0x000001f70407c310 JavaThread "C2 CompilerThread0"         daemon [_thread_in_native, id=18308, stack(0x000000c9b5300000,0x000000c9b5400000) (1024K)]
  0x000001f7040a50b0 JavaThread "C1 CompilerThread0"         daemon [_thread_blocked, id=6376, stack(0x000000c9b5400000,0x000000c9b5500000) (1024K)]
Total: 9

Other Threads:
  0x000001f704010db0 VMThread "VM Thread"                           [id=22856, stack(0x000000c9b4c00000,0x000000c9b4d00000) (1024K)]
  0x000001f7733d3d70 WatcherThread "VM Periodic Task Thread"        [id=7296, stack(0x000000c9b4b00000,0x000000c9b4c00000) (1024K)]
  0x000001f753a190f0 WorkerThread "GC Thread#0"                     [id=4352, stack(0x000000c9b4600000,0x000000c9b4700000) (1024K)]
  0x000001f753a29fb0 ConcurrentGCThread "G1 Main Marker"            [id=16472, stack(0x000000c9b4700000,0x000000c9b4800000) (1024K)]
  0x000001f753a2a9c0 WorkerThread "G1 Conc#0"                       [id=18568, stack(0x000000c9b4800000,0x000000c9b4900000) (1024K)]
  0x000001f753a7e830 ConcurrentGCThread "G1 Refine#0"               [id=6928, stack(0x000000c9b4900000,0x000000c9b4a00000) (1024K)]
  0x000001f7732a4580 ConcurrentGCThread "G1 Service"                [id=25328, stack(0x000000c9b4a00000,0x000000c9b4b00000) (1024K)]
Total: 7

Threads with active compile tasks:
C2 CompilerThread0      115   53       4       jdk.internal.util.ArraysSupport::signedHashCode (37 bytes)
Total: 1

VM state: not at safepoint (normal execution)

VM Mutex/Monitor currently owned by a thread: None

Heap address: 0x0000000709800000, size: 3944 MB, Compressed Oops mode: Zero based, Oop shift amount: 3

CDS archive(s) not mapped
Compressed class space mapped at: 0x0000000800000000-0x0000000840000000, reserved size: 1073741824
Narrow klass base: 0x0000000800000000, Narrow klass shift: 0, Narrow klass range: 0x40000000

GC Precious Log:
 CardTable entry size: 512
 Card Set container configuration: InlinePtr #cards 4 size 8 Array Of Cards #cards 16 size 48 Howl #buckets 8 coarsen threshold 3686 Howl Bitmap #cards 512 size 80 coarsen threshold 460 Card regions per heap region 1 cards per card region 4096
 CPUs: 16 total, 16 available
 Memory: 15774M
 Large Page Support: Disabled
 NUMA Support: Disabled
 Compressed Oops: Enabled (Zero based)
 Heap Region Size: 2M
 Heap Min Capacity: 8M
 Heap Initial Capacity: 248M
 Heap Max Capacity: 3944M
 Pre-touch: Disabled
 Parallel Workers: 13
 Concurrent Workers: 3
 Concurrent Refinement Workers: 13
 Periodic GC: Disabled

Heap:
 garbage-first heap   total 253952K, used 0K [0x0000000709800000, 0x0000000800000000)
  region size 2048K, 1 young (2048K), 0 survivors (0K)
 Metaspace       used 3986K, committed 4032K, reserved 1114112K
  class space    used 303K, committed 320K, reserved 1048576K

Heap Regions: E=young(eden), S=young(survivor), O=old, HS=humongous(starts), HC=humongous(continues), CS=collection set, F=free, TAMS=top-at-mark-start, PB=parsable bottom
|   0|0x0000000709800000, 0x0000000709800000, 0x0000000709a00000|  0%| F|  |TAMS 0x0000000709800000| PB 0x0000000709800000| Untracked 
|   1|0x0000000709a00000, 0x0000000709a00000, 0x0000000709c00000|  0%| F|  |TAMS 0x0000000709a00000| PB 0x0000000709a00000| Untracked 
|   2|0x0000000709c00000, 0x0000000709c00000, 0x0000000709e00000|  0%| F|  |TAMS 0x0000000709c00000| PB 0x0000000709c00000| Untracked 
|   3|0x0000000709e00000, 0x0000000709e00000, 0x000000070a000000|  0%| F|  |TAMS 0x0000000709e00000| PB 0x0000000709e00000| Untracked 
|   4|0x000000070a000000, 0x000000070a000000, 0x000000070a200000|  0%| F|  |TAMS 0x000000070a000000| PB 0x000000070a000000| Untracked 
|   5|0x000000070a200000, 0x000000070a200000, 0x000000070a400000|  0%| F|  |TAMS 0x000000070a200000| PB 0x000000070a200000| Untracked 
|   6|0x000000070a400000, 0x000000070a400000, 0x000000070a600000|  0%| F|  |TAMS 0x000000070a400000| PB 0x000000070a400000| Untracked 
|   7|0x000000070a600000, 0x000000070a600000, 0x000000070a800000|  0%| F|  |TAMS 0x000000070a600000| PB 0x000000070a600000| Untracked 
|   8|0x000000070a800000, 0x000000070a800000, 0x000000070aa00000|  0%| F|  |TAMS 0x000000070a800000| PB 0x000000070a800000| Untracked 
|   9|0x000000070aa00000, 0x000000070aa00000, 0x000000070ac00000|  0%| F|  |TAMS 0x000000070aa00000| PB 0x000000070aa00000| Untracked 
|  10|0x000000070ac00000, 0x000000070ac00000, 0x000000070ae00000|  0%| F|  |TAMS 0x000000070ac00000| PB 0x000000070ac00000| Untracked 
|  11|0x000000070ae00000, 0x000000070ae00000, 0x000000070b000000|  0%| F|  |TAMS 0x000000070ae00000| PB 0x000000070ae00000| Untracked 
|  12|0x000000070b000000, 0x000000070b000000, 0x000000070b200000|  0%| F|  |TAMS 0x000000070b000000| PB 0x000000070b000000| Untracked 
|  13|0x000000070b200000, 0x000000070b200000, 0x000000070b400000|  0%| F|  |TAMS 0x000000070b200000| PB 0x000000070b200000| Untracked 
|  14|0x000000070b400000, 0x000000070b400000, 0x000000070b600000|  0%| F|  |TAMS 0x000000070b400000| PB 0x000000070b400000| Untracked 
|  15|0x000000070b600000, 0x000000070b600000, 0x000000070b800000|  0%| F|  |TAMS 0x000000070b600000| PB 0x000000070b600000| Untracked 
|  16|0x000000070b800000, 0x000000070b800000, 0x000000070ba00000|  0%| F|  |TAMS 0x000000070b800000| PB 0x000000070b800000| Untracked 
|  17|0x000000070ba00000, 0x000000070ba00000, 0x000000070bc00000|  0%| F|  |TAMS 0x000000070ba00000| PB 0x000000070ba00000| Untracked 
|  18|0x000000070bc00000, 0x000000070bc00000, 0x000000070be00000|  0%| F|  |TAMS 0x000000070bc00000| PB 0x000000070bc00000| Untracked 
|  19|0x000000070be00000, 0x000000070be00000, 0x000000070c000000|  0%| F|  |TAMS 0x000000070be00000| PB 0x000000070be00000| Untracked 
|  20|0x000000070c000000, 0x000000070c000000, 0x000000070c200000|  0%| F|  |TAMS 0x000000070c000000| PB 0x000000070c000000| Untracked 
|  21|0x000000070c200000, 0x000000070c200000, 0x000000070c400000|  0%| F|  |TAMS 0x000000070c200000| PB 0x000000070c200000| Untracked 
|  22|0x000000070c400000, 0x000000070c400000, 0x000000070c600000|  0%| F|  |TAMS 0x000000070c400000| PB 0x000000070c400000| Untracked 
|  23|0x000000070c600000, 0x000000070c600000, 0x000000070c800000|  0%| F|  |TAMS 0x000000070c600000| PB 0x000000070c600000| Untracked 
|  24|0x000000070c800000, 0x000000070c800000, 0x000000070ca00000|  0%| F|  |TAMS 0x000000070c800000| PB 0x000000070c800000| Untracked 
|  25|0x000000070ca00000, 0x000000070ca00000, 0x000000070cc00000|  0%| F|  |TAMS 0x000000070ca00000| PB 0x000000070ca00000| Untracked 
|  26|0x000000070cc00000, 0x000000070cc00000, 0x000000070ce00000|  0%| F|  |TAMS 0x000000070cc00000| PB 0x000000070cc00000| Untracked 
|  27|0x000000070ce00000, 0x000000070ce00000, 0x000000070d000000|  0%| F|  |TAMS 0x000000070ce00000| PB 0x000000070ce00000| Untracked 
|  28|0x000000070d000000, 0x000000070d000000, 0x000000070d200000|  0%| F|  |TAMS 0x000000070d000000| PB 0x000000070d000000| Untracked 
|  29|0x000000070d200000, 0x000000070d200000, 0x000000070d400000|  0%| F|  |TAMS 0x000000070d200000| PB 0x000000070d200000| Untracked 
|  30|0x000000070d400000, 0x000000070d400000, 0x000000070d600000|  0%| F|  |TAMS 0x000000070d400000| PB 0x000000070d400000| Untracked 
|  31|0x000000070d600000, 0x000000070d600000, 0x000000070d800000|  0%| F|  |TAMS 0x000000070d600000| PB 0x000000070d600000| Untracked 
|  32|0x000000070d800000, 0x000000070d800000, 0x000000070da00000|  0%| F|  |TAMS 0x000000070d800000| PB 0x000000070d800000| Untracked 
|  33|0x000000070da00000, 0x000000070da00000, 0x000000070dc00000|  0%| F|  |TAMS 0x000000070da00000| PB 0x000000070da00000| Untracked 
|  34|0x000000070dc00000, 0x000000070dc00000, 0x000000070de00000|  0%| F|  |TAMS 0x000000070dc00000| PB 0x000000070dc00000| Untracked 
|  35|0x000000070de00000, 0x000000070de00000, 0x000000070e000000|  0%| F|  |TAMS 0x000000070de00000| PB 0x000000070de00000| Untracked 
|  36|0x000000070e000000, 0x000000070e000000, 0x000000070e200000|  0%| F|  |TAMS 0x000000070e000000| PB 0x000000070e000000| Untracked 
|  37|0x000000070e200000, 0x000000070e200000, 0x000000070e400000|  0%| F|  |TAMS 0x000000070e200000| PB 0x000000070e200000| Untracked 
|  38|0x000000070e400000, 0x000000070e400000, 0x000000070e600000|  0%| F|  |TAMS 0x000000070e400000| PB 0x000000070e400000| Untracked 
|  39|0x000000070e600000, 0x000000070e600000, 0x000000070e800000|  0%| F|  |TAMS 0x000000070e600000| PB 0x000000070e600000| Untracked 
|  40|0x000000070e800000, 0x000000070e800000, 0x000000070ea00000|  0%| F|  |TAMS 0x000000070e800000| PB 0x000000070e800000| Untracked 
|  41|0x000000070ea00000, 0x000000070ea00000, 0x000000070ec00000|  0%| F|  |TAMS 0x000000070ea00000| PB 0x000000070ea00000| Untracked 
|  42|0x000000070ec00000, 0x000000070ec00000, 0x000000070ee00000|  0%| F|  |TAMS 0x000000070ec00000| PB 0x000000070ec00000| Untracked 
|  43|0x000000070ee00000, 0x000000070ee00000, 0x000000070f000000|  0%| F|  |TAMS 0x000000070ee00000| PB 0x000000070ee00000| Untracked 
|  44|0x000000070f000000, 0x000000070f000000, 0x000000070f200000|  0%| F|  |TAMS 0x000000070f000000| PB 0x000000070f000000| Untracked 
|  45|0x000000070f200000, 0x000000070f200000, 0x000000070f400000|  0%| F|  |TAMS 0x000000070f200000| PB 0x000000070f200000| Untracked 
|  46|0x000000070f400000, 0x000000070f400000, 0x000000070f600000|  0%| F|  |TAMS 0x000000070f400000| PB 0x000000070f400000| Untracked 
|  47|0x000000070f600000, 0x000000070f600000, 0x000000070f800000|  0%| F|  |TAMS 0x000000070f600000| PB 0x000000070f600000| Untracked 
|  48|0x000000070f800000, 0x000000070f800000, 0x000000070fa00000|  0%| F|  |TAMS 0x000000070f800000| PB 0x000000070f800000| Untracked 
|  49|0x000000070fa00000, 0x000000070fa00000, 0x000000070fc00000|  0%| F|  |TAMS 0x000000070fa00000| PB 0x000000070fa00000| Untracked 
|  50|0x000000070fc00000, 0x000000070fc00000, 0x000000070fe00000|  0%| F|  |TAMS 0x000000070fc00000| PB 0x000000070fc00000| Untracked 
|  51|0x000000070fe00000, 0x000000070fe00000, 0x0000000710000000|  0%| F|  |TAMS 0x000000070fe00000| PB 0x000000070fe00000| Untracked 
|  52|0x0000000710000000, 0x0000000710000000, 0x0000000710200000|  0%| F|  |TAMS 0x0000000710000000| PB 0x0000000710000000| Untracked 
|  53|0x0000000710200000, 0x0000000710200000, 0x0000000710400000|  0%| F|  |TAMS 0x0000000710200000| PB 0x0000000710200000| Untracked 
|  54|0x0000000710400000, 0x0000000710400000, 0x0000000710600000|  0%| F|  |TAMS 0x0000000710400000| PB 0x0000000710400000| Untracked 
|  55|0x0000000710600000, 0x0000000710600000, 0x0000000710800000|  0%| F|  |TAMS 0x0000000710600000| PB 0x0000000710600000| Untracked 
|  56|0x0000000710800000, 0x0000000710800000, 0x0000000710a00000|  0%| F|  |TAMS 0x0000000710800000| PB 0x0000000710800000| Untracked 
|  57|0x0000000710a00000, 0x0000000710a00000, 0x0000000710c00000|  0%| F|  |TAMS 0x0000000710a00000| PB 0x0000000710a00000| Untracked 
|  58|0x0000000710c00000, 0x0000000710c00000, 0x0000000710e00000|  0%| F|  |TAMS 0x0000000710c00000| PB 0x0000000710c00000| Untracked 
|  59|0x0000000710e00000, 0x0000000710e00000, 0x0000000711000000|  0%| F|  |TAMS 0x0000000710e00000| PB 0x0000000710e00000| Untracked 
|  60|0x0000000711000000, 0x0000000711000000, 0x0000000711200000|  0%| F|  |TAMS 0x0000000711000000| PB 0x0000000711000000| Untracked 
|  61|0x0000000711200000, 0x0000000711200000, 0x0000000711400000|  0%| F|  |TAMS 0x0000000711200000| PB 0x0000000711200000| Untracked 
|  62|0x0000000711400000, 0x0000000711400000, 0x0000000711600000|  0%| F|  |TAMS 0x0000000711400000| PB 0x0000000711400000| Untracked 
|  63|0x0000000711600000, 0x0000000711600000, 0x0000000711800000|  0%| F|  |TAMS 0x0000000711600000| PB 0x0000000711600000| Untracked 
|  64|0x0000000711800000, 0x0000000711800000, 0x0000000711a00000|  0%| F|  |TAMS 0x0000000711800000| PB 0x0000000711800000| Untracked 
|  65|0x0000000711a00000, 0x0000000711a00000, 0x0000000711c00000|  0%| F|  |TAMS 0x0000000711a00000| PB 0x0000000711a00000| Untracked 
|  66|0x0000000711c00000, 0x0000000711c00000, 0x0000000711e00000|  0%| F|  |TAMS 0x0000000711c00000| PB 0x0000000711c00000| Untracked 
|  67|0x0000000711e00000, 0x0000000711e00000, 0x0000000712000000|  0%| F|  |TAMS 0x0000000711e00000| PB 0x0000000711e00000| Untracked 
|  68|0x0000000712000000, 0x0000000712000000, 0x0000000712200000|  0%| F|  |TAMS 0x0000000712000000| PB 0x0000000712000000| Untracked 
|  69|0x0000000712200000, 0x0000000712200000, 0x0000000712400000|  0%| F|  |TAMS 0x0000000712200000| PB 0x0000000712200000| Untracked 
|  70|0x0000000712400000, 0x0000000712400000, 0x0000000712600000|  0%| F|  |TAMS 0x0000000712400000| PB 0x0000000712400000| Untracked 
|  71|0x0000000712600000, 0x0000000712600000, 0x0000000712800000|  0%| F|  |TAMS 0x0000000712600000| PB 0x0000000712600000| Untracked 
|  72|0x0000000712800000, 0x0000000712800000, 0x0000000712a00000|  0%| F|  |TAMS 0x0000000712800000| PB 0x0000000712800000| Untracked 
|  73|0x0000000712a00000, 0x0000000712a00000, 0x0000000712c00000|  0%| F|  |TAMS 0x0000000712a00000| PB 0x0000000712a00000| Untracked 
|  74|0x0000000712c00000, 0x0000000712c00000, 0x0000000712e00000|  0%| F|  |TAMS 0x0000000712c00000| PB 0x0000000712c00000| Untracked 
|  75|0x0000000712e00000, 0x0000000712e00000, 0x0000000713000000|  0%| F|  |TAMS 0x0000000712e00000| PB 0x0000000712e00000| Untracked 
|  76|0x0000000713000000, 0x0000000713000000, 0x0000000713200000|  0%| F|  |TAMS 0x0000000713000000| PB 0x0000000713000000| Untracked 
|  77|0x0000000713200000, 0x0000000713200000, 0x0000000713400000|  0%| F|  |TAMS 0x0000000713200000| PB 0x0000000713200000| Untracked 
|  78|0x0000000713400000, 0x0000000713400000, 0x0000000713600000|  0%| F|  |TAMS 0x0000000713400000| PB 0x0000000713400000| Untracked 
|  79|0x0000000713600000, 0x0000000713600000, 0x0000000713800000|  0%| F|  |TAMS 0x0000000713600000| PB 0x0000000713600000| Untracked 
|  80|0x0000000713800000, 0x0000000713800000, 0x0000000713a00000|  0%| F|  |TAMS 0x0000000713800000| PB 0x0000000713800000| Untracked 
|  81|0x0000000713a00000, 0x0000000713a00000, 0x0000000713c00000|  0%| F|  |TAMS 0x0000000713a00000| PB 0x0000000713a00000| Untracked 
|  82|0x0000000713c00000, 0x0000000713c00000, 0x0000000713e00000|  0%| F|  |TAMS 0x0000000713c00000| PB 0x0000000713c00000| Untracked 
|  83|0x0000000713e00000, 0x0000000713e00000, 0x0000000714000000|  0%| F|  |TAMS 0x0000000713e00000| PB 0x0000000713e00000| Untracked 
|  84|0x0000000714000000, 0x0000000714000000, 0x0000000714200000|  0%| F|  |TAMS 0x0000000714000000| PB 0x0000000714000000| Untracked 
|  85|0x0000000714200000, 0x0000000714200000, 0x0000000714400000|  0%| F|  |TAMS 0x0000000714200000| PB 0x0000000714200000| Untracked 
|  86|0x0000000714400000, 0x0000000714400000, 0x0000000714600000|  0%| F|  |TAMS 0x0000000714400000| PB 0x0000000714400000| Untracked 
|  87|0x0000000714600000, 0x0000000714600000, 0x0000000714800000|  0%| F|  |TAMS 0x0000000714600000| PB 0x0000000714600000| Untracked 
|  88|0x0000000714800000, 0x0000000714800000, 0x0000000714a00000|  0%| F|  |TAMS 0x0000000714800000| PB 0x0000000714800000| Untracked 
|  89|0x0000000714a00000, 0x0000000714a00000, 0x0000000714c00000|  0%| F|  |TAMS 0x0000000714a00000| PB 0x0000000714a00000| Untracked 
|  90|0x0000000714c00000, 0x0000000714c00000, 0x0000000714e00000|  0%| F|  |TAMS 0x0000000714c00000| PB 0x0000000714c00000| Untracked 
|  91|0x0000000714e00000, 0x0000000714e00000, 0x0000000715000000|  0%| F|  |TAMS 0x0000000714e00000| PB 0x0000000714e00000| Untracked 
|  92|0x0000000715000000, 0x0000000715000000, 0x0000000715200000|  0%| F|  |TAMS 0x0000000715000000| PB 0x0000000715000000| Untracked 
|  93|0x0000000715200000, 0x0000000715200000, 0x0000000715400000|  0%| F|  |TAMS 0x0000000715200000| PB 0x0000000715200000| Untracked 
|  94|0x0000000715400000, 0x0000000715400000, 0x0000000715600000|  0%| F|  |TAMS 0x0000000715400000| PB 0x0000000715400000| Untracked 
|  95|0x0000000715600000, 0x0000000715600000, 0x0000000715800000|  0%| F|  |TAMS 0x0000000715600000| PB 0x0000000715600000| Untracked 
|  96|0x0000000715800000, 0x0000000715800000, 0x0000000715a00000|  0%| F|  |TAMS 0x0000000715800000| PB 0x0000000715800000| Untracked 
|  97|0x0000000715a00000, 0x0000000715a00000, 0x0000000715c00000|  0%| F|  |TAMS 0x0000000715a00000| PB 0x0000000715a00000| Untracked 
|  98|0x0000000715c00000, 0x0000000715c00000, 0x0000000715e00000|  0%| F|  |TAMS 0x0000000715c00000| PB 0x0000000715c00000| Untracked 
|  99|0x0000000715e00000, 0x0000000715e00000, 0x0000000716000000|  0%| F|  |TAMS 0x0000000715e00000| PB 0x0000000715e00000| Untracked 
| 100|0x0000000716000000, 0x0000000716000000, 0x0000000716200000|  0%| F|  |TAMS 0x0000000716000000| PB 0x0000000716000000| Untracked 
| 101|0x0000000716200000, 0x0000000716200000, 0x0000000716400000|  0%| F|  |TAMS 0x0000000716200000| PB 0x0000000716200000| Untracked 
| 102|0x0000000716400000, 0x0000000716400000, 0x0000000716600000|  0%| F|  |TAMS 0x0000000716400000| PB 0x0000000716400000| Untracked 
| 103|0x0000000716600000, 0x0000000716600000, 0x0000000716800000|  0%| F|  |TAMS 0x0000000716600000| PB 0x0000000716600000| Untracked 
| 104|0x0000000716800000, 0x0000000716800000, 0x0000000716a00000|  0%| F|  |TAMS 0x0000000716800000| PB 0x0000000716800000| Untracked 
| 105|0x0000000716a00000, 0x0000000716a00000, 0x0000000716c00000|  0%| F|  |TAMS 0x0000000716a00000| PB 0x0000000716a00000| Untracked 
| 106|0x0000000716c00000, 0x0000000716c00000, 0x0000000716e00000|  0%| F|  |TAMS 0x0000000716c00000| PB 0x0000000716c00000| Untracked 
| 107|0x0000000716e00000, 0x0000000716e00000, 0x0000000717000000|  0%| F|  |TAMS 0x0000000716e00000| PB 0x0000000716e00000| Untracked 
| 108|0x0000000717000000, 0x0000000717000000, 0x0000000717200000|  0%| F|  |TAMS 0x0000000717000000| PB 0x0000000717000000| Untracked 
| 109|0x0000000717200000, 0x0000000717200000, 0x0000000717400000|  0%| F|  |TAMS 0x0000000717200000| PB 0x0000000717200000| Untracked 
| 110|0x0000000717400000, 0x0000000717400000, 0x0000000717600000|  0%| F|  |TAMS 0x0000000717400000| PB 0x0000000717400000| Untracked 
| 111|0x0000000717600000, 0x0000000717600000, 0x0000000717800000|  0%| F|  |TAMS 0x0000000717600000| PB 0x0000000717600000| Untracked 
| 112|0x0000000717800000, 0x0000000717800000, 0x0000000717a00000|  0%| F|  |TAMS 0x0000000717800000| PB 0x0000000717800000| Untracked 
| 113|0x0000000717a00000, 0x0000000717a00000, 0x0000000717c00000|  0%| F|  |TAMS 0x0000000717a00000| PB 0x0000000717a00000| Untracked 
| 114|0x0000000717c00000, 0x0000000717c00000, 0x0000000717e00000|  0%| F|  |TAMS 0x0000000717c00000| PB 0x0000000717c00000| Untracked 
| 115|0x0000000717e00000, 0x0000000717e00000, 0x0000000718000000|  0%| F|  |TAMS 0x0000000717e00000| PB 0x0000000717e00000| Untracked 
| 116|0x0000000718000000, 0x0000000718000000, 0x0000000718200000|  0%| F|  |TAMS 0x0000000718000000| PB 0x0000000718000000| Untracked 
| 117|0x0000000718200000, 0x0000000718200000, 0x0000000718400000|  0%| F|  |TAMS 0x0000000718200000| PB 0x0000000718200000| Untracked 
| 118|0x0000000718400000, 0x0000000718400000, 0x0000000718600000|  0%| F|  |TAMS 0x0000000718400000| PB 0x0000000718400000| Untracked 
| 119|0x0000000718600000, 0x0000000718600000, 0x0000000718800000|  0%| F|  |TAMS 0x0000000718600000| PB 0x0000000718600000| Untracked 
| 120|0x0000000718800000, 0x0000000718800000, 0x0000000718a00000|  0%| F|  |TAMS 0x0000000718800000| PB 0x0000000718800000| Untracked 
| 121|0x0000000718a00000, 0x0000000718a00000, 0x0000000718c00000|  0%| F|  |TAMS 0x0000000718a00000| PB 0x0000000718a00000| Untracked 
| 122|0x0000000718c00000, 0x0000000718c00000, 0x0000000718e00000|  0%| F|  |TAMS 0x0000000718c00000| PB 0x0000000718c00000| Untracked 
| 123|0x0000000718e00000, 0x0000000718fc2a58, 0x0000000719000000| 88%| E|  |TAMS 0x0000000718e00000| PB 0x0000000718e00000| Complete 

Card table byte_map: [0x000001f76be60000,0x000001f76c620000] _byte_map_base: 0x000001f768614000

Marking Bits: (CMBitMap*) 0x000001f753a19700
 Bits: [0x000001f76c620000, 0x000001f7703c0000)

Polling page: 0x000001f7519c0000

Metaspace:

Usage:
  Non-class:      3.60 MB used.
      Class:    303.85 KB used.
       Both:      3.89 MB used.

Virtual space:
  Non-class space:       64.00 MB reserved,       3.62 MB (  6%) committed,  1 nodes.
      Class space:        1.00 GB reserved,     320.00 KB ( <1%) committed,  1 nodes.
             Both:        1.06 GB reserved,       3.94 MB ( <1%) committed. 

Chunk freelists:
   Non-Class:  12.00 MB
       Class:  15.62 MB
        Both:  27.62 MB

MaxMetaspaceSize: unlimited
CompressedClassSpaceSize: 1.00 GB
Initial GC threshold: 21.00 MB
Current GC threshold: 21.00 MB
CDS: off
 - commit_granule_bytes: 65536.
 - commit_granule_words: 8192.
 - virtual_space_node_default_size: 8388608.
 - enlarge_chunks_in_place: 1.
 - use_allocation_guard: 0.


Internal statistics:

num_allocs_failed_limit: 0.
num_arena_births: 2.
num_arena_deaths: 0.
num_vsnodes_births: 2.
num_vsnodes_deaths: 0.
num_space_committed: 63.
num_space_uncommitted: 0.
num_chunks_returned_to_freelist: 0.
num_chunks_taken_from_freelist: 4.
num_chunk_merges: 0.
num_chunk_splits: 2.
num_chunks_enlarged: 0.
num_inconsistent_stats: 0.

CodeHeap 'non-profiled nmethods': size=119168Kb used=8Kb max_used=8Kb free=119159Kb
 bounds [0x000001f7639c0000, 0x000001f763c30000, 0x000001f76ae20000]
CodeHeap 'profiled nmethods': size=119104Kb used=73Kb max_used=73Kb free=119031Kb
 bounds [0x000001f75be20000, 0x000001f75c090000, 0x000001f763270000]
CodeHeap 'non-nmethods': size=7488Kb used=1165Kb max_used=1165Kb free=6322Kb
 bounds [0x000001f763270000, 0x000001f7634e0000, 0x000001f7639c0000]
 total_blobs=351 nmethods=52 adapters=204
 compilation: enabled
              stopped_count=0, restarted_count=0
 full_count=0

Compilation events (20 events):
Event: 0.096 Thread 0x000001f7040a50b0   38       3       java.util.ImmutableCollections$SetN$SetNIterator::next (90 bytes)
Event: 0.096 Thread 0x000001f7040a50b0 nmethod 38 0x000001f75be2af10 code [0x000001f75be2b0e0, 0x000001f75be2b3f8]
Event: 0.096 Thread 0x000001f7040a50b0   34       3       jdk.internal.misc.Unsafe::getReferenceAcquire (7 bytes)
Event: 0.096 Thread 0x000001f7040a50b0 nmethod 34 0x000001f75be2b590 code [0x000001f75be2b720, 0x000001f75be2b890]
Event: 0.096 Thread 0x000001f7040a50b0   36       3       java.util.concurrent.ConcurrentHashMap::spread (10 bytes)
Event: 0.096 Thread 0x000001f7040a50b0 nmethod 36 0x000001f75be2b910 code [0x000001f75be2baa0, 0x000001f75be2bb98]
Event: 0.096 Thread 0x000001f7040a50b0   39       1       java.util.KeyValueHolder::getKey (5 bytes)
Event: 0.096 Thread 0x000001f7040a50b0 nmethod 39 0x000001f7639c1390 code [0x000001f7639c1520, 0x000001f7639c15f0]
Event: 0.096 Thread 0x000001f7040a50b0   40       1       java.util.KeyValueHolder::getValue (5 bytes)
Event: 0.096 Thread 0x000001f7040a50b0 nmethod 40 0x000001f7639c1690 code [0x000001f7639c1820, 0x000001f7639c18f0]
Event: 0.097 Thread 0x000001f7040a50b0   41       3       java.util.KeyValueHolder::<init> (21 bytes)
Event: 0.097 Thread 0x000001f7040a50b0 nmethod 41 0x000001f75be2bc10 code [0x000001f75be2be00, 0x000001f75be2c2e8]
Event: 0.097 Thread 0x000001f7040a50b0   42       3       java.util.ImmutableCollections$MapN::probe (60 bytes)
Event: 0.098 Thread 0x000001f7040a50b0 nmethod 42 0x000001f75be2c490 code [0x000001f75be2c680, 0x000001f75be2cbd8]
Event: 0.098 Thread 0x000001f7040a50b0   43       3       java.util.ImmutableCollections$MapN::get (35 bytes)
Event: 0.098 Thread 0x000001f7040a50b0 nmethod 43 0x000001f75be2ce10 code [0x000001f75be2d000, 0x000001f75be2d3b8]
Event: 0.098 Thread 0x000001f7040a50b0   44       3       jdk.internal.module.ModuleReferenceImpl::hashCode (56 bytes)
Event: 0.098 Thread 0x000001f7040a50b0 nmethod 44 0x000001f75be2d510 code [0x000001f75be2d700, 0x000001f75be2db88]
Event: 0.098 Thread 0x000001f7040a50b0   47   !   3       java.util.concurrent.ConcurrentHashMap::putVal (432 bytes)
Event: 0.098 Thread 0x000001f70407c310   53       4       jdk.internal.util.ArraysSupport::signedHashCode (37 bytes)

GC Heap History (0 events):
No events

Dll operation events (2 events):
Event: 0.005 Loaded shared library C:\Program Files\Java\jdk-21\bin\java.dll
Event: 0.072 Loaded shared library C:\Program Files\Java\jdk-21\bin\jsvml.dll

Deoptimization events (0 events):
No events

Classes loaded (20 events):
Event: 0.095 Loading class jdk/internal/loader/AbstractClassLoaderValue
Event: 0.096 Loading class jdk/internal/loader/AbstractClassLoaderValue done
Event: 0.096 Loading class jdk/internal/loader/ClassLoaderValue done
Event: 0.096 Loading class jdk/internal/loader/BuiltinClassLoader$LoadedModule
Event: 0.096 Loading class jdk/internal/loader/BuiltinClassLoader$LoadedModule done
Event: 0.096 Loading class java/lang/module/Configuration
Event: 0.097 Loading class java/lang/module/Configuration done
Event: 0.097 Loading class java/lang/module/ResolvedModule
Event: 0.097 Loading class java/lang/module/ResolvedModule done
Event: 0.097 Loading class java/util/AbstractMap$1
Event: 0.097 Loading class java/util/AbstractMap$1 done
Event: 0.097 Loading class java/util/AbstractMap$1$1
Event: 0.097 Loading class java/util/AbstractMap$1$1 done
Event: 0.097 Loading class jdk/internal/module/ModuleLoaderMap
Event: 0.098 Loading class jdk/internal/module/ModuleLoaderMap done
Event: 0.098 Loading class jdk/internal/module/ModuleLoaderMap$Mapper
Event: 0.098 Loading class jdk/internal/module/ModuleLoaderMap$Mapper done
Event: 0.098 Loading class jdk/internal/module/ModuleLoaderMap$Modules
Event: 0.098 Loading class jdk/internal/module/ModuleLoaderMap$Modules done
Event: 0.098 Loading class java/lang/ModuleLayer

Classes unloaded (0 events):
No events

Classes redefined (0 events):
No events

Internal exceptions (0 events):
No events

ZGC Phase Switch (0 events):
No events

VM Operations (0 events):
No events

Events (9 events):
Event: 0.010 Thread 0x000001f751708c70 Thread added: 0x000001f751708c70
Event: 0.069 Thread 0x000001f70408db80 Thread added: 0x000001f70408db80
Event: 0.069 Thread 0x000001f704071af0 Thread added: 0x000001f704071af0
Event: 0.071 Thread 0x000001f704072900 Thread added: 0x000001f704072900
Event: 0.071 Thread 0x000001f704072f70 Thread added: 0x000001f704072f70
Event: 0.071 Thread 0x000001f704074bb0 Thread added: 0x000001f704074bb0
Event: 0.071 Thread 0x000001f704077750 Thread added: 0x000001f704077750
Event: 0.071 Thread 0x000001f70407c310 Thread added: 0x000001f70407c310
Event: 0.071 Thread 0x000001f7040a50b0 Thread added: 0x000001f7040a50b0


Dynamic libraries:
0x00007ff6d83e0000 - 0x00007ff6d83f0000 	C:\Program Files\Java\jdk-21\bin\javaw.exe
0x00007ffdffad0000 - 0x00007ffdffce7000 	C:\WINDOWS\SYSTEM32\ntdll.dll
0x00007ffdfe2f0000 - 0x00007ffdfe3b4000 	C:\WINDOWS\System32\KERNEL32.DLL
0x00007ffdfd140000 - 0x00007ffdfd4e6000 	C:\WINDOWS\System32\KERNELBASE.dll
0x00007ffdfd020000 - 0x00007ffdfd131000 	C:\WINDOWS\System32\ucrtbase.dll
0x00007ffdec8b0000 - 0x00007ffdec8cb000 	C:\Program Files\Java\jdk-21\bin\VCRUNTIME140.dll
0x00007ffddb730000 - 0x00007ffddb749000 	C:\Program Files\Java\jdk-21\bin\jli.dll
0x00007ffdfddc0000 - 0x00007ffdfde73000 	C:\WINDOWS\System32\ADVAPI32.dll
0x00007ffdfd820000 - 0x00007ffdfd8c7000 	C:\WINDOWS\System32\msvcrt.dll
0x00007ffdfda00000 - 0x00007ffdfdaa8000 	C:\WINDOWS\System32\sechost.dll
0x00007ffdfce10000 - 0x00007ffdfce38000 	C:\WINDOWS\System32\bcrypt.dll
0x00007ffdfdca0000 - 0x00007ffdfddb7000 	C:\WINDOWS\System32\RPCRT4.dll
0x00007ffdfde80000 - 0x00007ffdfe02e000 	C:\WINDOWS\System32\USER32.dll
0x00007ffdfd780000 - 0x00007ffdfd7a6000 	C:\WINDOWS\System32\win32u.dll
0x00007ffde9cd0000 - 0x00007ffde9f63000 	C:\WINDOWS\WinSxS\amd64_microsoft.windows.common-controls_6595b64144ccf1df_6.0.22621.2506_none_270c5ae97388e100\COMCTL32.dll
0x00007ffdfd8d0000 - 0x00007ffdfd8f9000 	C:\WINDOWS\System32\GDI32.dll
0x00007ffdfcf00000 - 0x00007ffdfd018000 	C:\WINDOWS\System32\gdi32full.dll
0x00007ffdfd570000 - 0x00007ffdfd60a000 	C:\WINDOWS\System32\msvcp_win.dll
0x00007ffdf4e90000 - 0x00007ffdf4e9a000 	C:\WINDOWS\SYSTEM32\VERSION.dll
0x00007ffdfe560000 - 0x00007ffdfe591000 	C:\WINDOWS\System32\IMM32.DLL
0x00007ffdf3c80000 - 0x00007ffdf3c8c000 	C:\Program Files\Java\jdk-21\bin\vcruntime140_1.dll
0x00007ffdd34f0000 - 0x00007ffdd357e000 	C:\Program Files\Java\jdk-21\bin\msvcp140.dll
0x00007ffdb7d00000 - 0x00007ffdb8a17000 	C:\Program Files\Java\jdk-21\bin\server\jvm.dll
0x00007ffdff4b0000 - 0x00007ffdff521000 	C:\WINDOWS\System32\WS2_32.dll
0x00007ffdfc010000 - 0x00007ffdfc05d000 	C:\WINDOWS\SYSTEM32\POWRPROF.dll
0x00007ffdf3a60000 - 0x00007ffdf3a94000 	C:\WINDOWS\SYSTEM32\WINMM.dll
0x00007ffdfbff0000 - 0x00007ffdfc003000 	C:\WINDOWS\SYSTEM32\UMPDC.dll
0x00007ffdfbe90000 - 0x00007ffdfbea8000 	C:\WINDOWS\SYSTEM32\kernel.appcore.dll
0x00007ffdf02e0000 - 0x00007ffdf02ea000 	C:\Program Files\Java\jdk-21\bin\jimage.dll
0x00007ffdfa160000 - 0x00007ffdfa393000 	C:\WINDOWS\SYSTEM32\DBGHELP.DLL
0x00007ffdfe7d0000 - 0x00007ffdfeb59000 	C:\WINDOWS\System32\combase.dll
0x00007ffdfe030000 - 0x00007ffdfe107000 	C:\WINDOWS\System32\OLEAUT32.dll
0x00007ffdf1840000 - 0x00007ffdf1872000 	C:\WINDOWS\SYSTEM32\dbgcore.DLL
0x00007ffdfd4f0000 - 0x00007ffdfd56a000 	C:\WINDOWS\System32\bcryptPrimitives.dll
0x00007ffddab40000 - 0x00007ffddab5f000 	C:\Program Files\Java\jdk-21\bin\java.dll
0x00007ffdfeb60000 - 0x00007ffdff3bb000 	C:\WINDOWS\System32\SHELL32.dll
0x00007ffdfad20000 - 0x00007ffdfb616000 	C:\WINDOWS\SYSTEM32\windows.storage.dll
0x00007ffdfabe0000 - 0x00007ffdfad1e000 	C:\WINDOWS\SYSTEM32\wintypes.dll
0x00007ffdfe670000 - 0x00007ffdfe763000 	C:\WINDOWS\System32\SHCORE.dll
0x00007ffdfe770000 - 0x00007ffdfe7ce000 	C:\WINDOWS\System32\shlwapi.dll
0x00007ffdfcd40000 - 0x00007ffdfcd66000 	C:\WINDOWS\SYSTEM32\profapi.dll
0x00007ffdd3130000 - 0x00007ffdd3207000 	C:\Program Files\Java\jdk-21\bin\jsvml.dll

dbghelp: loaded successfully - version: 4.0.5 - missing functions: none
symbol engine: initialized successfully - sym options: 0x614 - pdb path: .;C:\Program Files\Java\jdk-21\bin;C:\WINDOWS\SYSTEM32;C:\WINDOWS\WinSxS\amd64_microsoft.windows.common-controls_6595b64144ccf1df_6.0.22621.2506_none_270c5ae97388e100;C:\Program Files\Java\jdk-21\bin\server

VM Arguments:
jvm_args: -Dfile.encoding=UTF-8 -Dstdout.encoding=UTF-8 -Dstderr.encoding=UTF-8 -XX:+ShowCodeDetailsInExceptionMessages 
java_command: kurtsanor.TerminalAsessment
java_class_path (initial): C:\Users\keith\git\repository2\Comprog 1 TA\bin
Launcher Type: SUN_STANDARD

[Global flags]
     intx CICompilerCount                          = 12                                        {product} {ergonomic}
     uint ConcGCThreads                            = 3                                         {product} {ergonomic}
     uint G1ConcRefinementThreads                  = 13                                        {product} {ergonomic}
   size_t G1HeapRegionSize                         = 2097152                                   {product} {ergonomic}
    uintx GCDrainStackTargetSize                   = 64                                        {product} {ergonomic}
   size_t InitialHeapSize                          = 260046848                                 {product} {ergonomic}
   size_t MarkStackSize                            = 4194304                                   {product} {ergonomic}
   size_t MaxHeapSize                              = 4135583744                                {product} {ergonomic}
   size_t MaxNewSize                               = 2480930816                                {product} {ergonomic}
   size_t MinHeapDeltaBytes                        = 2097152                                   {product} {ergonomic}
   size_t MinHeapSize                              = 8388608                                   {product} {ergonomic}
    uintx NonNMethodCodeHeapSize                   = 7602480                                {pd product} {ergonomic}
    uintx NonProfiledCodeHeapSize                  = 122027880                              {pd product} {ergonomic}
    uintx ProfiledCodeHeapSize                     = 122027880                              {pd product} {ergonomic}
    uintx ReservedCodeCacheSize                    = 251658240                              {pd product} {ergonomic}
     bool SegmentedCodeCache                       = true                                      {product} {ergonomic}
     bool ShowCodeDetailsInExceptionMessages       = true                                   {manageable} {command line}
   size_t SoftMaxHeapSize                          = 4135583744                             {manageable} {ergonomic}
     bool UseCompressedOops                        = true                           {product lp64_product} {ergonomic}
     bool UseG1GC                                  = true                                      {product} {ergonomic}
     bool UseLargePagesIndividualAllocation        = false                                  {pd product} {ergonomic}

Logging:
Log output configuration:
 #0: stdout all=warning uptime,level,tags foldmultilines=false
 #1: stderr all=off uptime,level,tags foldmultilines=false

Environment Variables:
JAVA_HOME=C:\Program Files\Java\jdk-21
PATH=C:\Program Files\Common Files\Oracle\Java\javapath;c:\program files (x86)\imagemagick-6.3.5-q16;C:\WINDOWS\system32;C:\WINDOWS;C:\WINDOWS\System32\Wbem;C:\WINDOWS\System32\WindowsPowerShell\v1.0\;C:\WINDOWS\System32\OpenSSH\;C:\Program Files\Java\jdk-21\bin;C:\Program Files\dotnet\;c:\program files (x86)\gs\gs8.63\bin;c:\redas\gmt\bin
USERNAME=keith
OS=Windows_NT
PROCESSOR_IDENTIFIER=AMD64 Family 25 Model 80 Stepping 0, AuthenticAMD
TMP=C:\Users\keith\AppData\Local\Temp
TEMP=C:\Users\keith\AppData\Local\Temp




Periodic native trim disabled

---------------  S Y S T E M  ---------------

OS:
 Windows 11 , 64 bit Build 22621 (10.0.22621.3085)
OS uptime: 7 days 0:51 hours
Hyper-V role detected

CPU: total 16 (initial active 16) (16 cores per cpu, 2 threads per core) family 25 model 80 stepping 0 microcode 0x0, cx8, cmov, fxsr, ht, mmx, 3dnowpref, sse, sse2, sse3, ssse3, sse4a, sse4.1, sse4.2, popcnt, lzcnt, tsc, tscinvbit, avx, avx2, aes, erms, clmul, bmi1, bmi2, adx, sha, fma, vzeroupper, clflush, clflushopt, hv, rdtscp, rdpid, fsrm, f16c, cet_ss
Processor Information for all 16 processors :
  Max Mhz: 3301, Current Mhz: 3301, Mhz Limit: 3301

Memory: 4k page, system-wide physical 15774M (7344M free)
TotalPageFile size 64926M (AvailPageFile size 3M)
current process WorkingSet (physical memory assigned to process): 28M, peak: 28M
current process commit charge ("private bytes"): 333M, peak: 337M

vm_info: Java HotSpot(TM) 64-Bit Server VM (21.0.2+13-LTS-58) for windows-amd64 JRE (21.0.2+13-LTS-58), built on 2024-01-05T18:32:24Z by "mach5one" with MS VC++ 17.1 (VS2022)

END.
