#
# There is insufficient memory for the Java Runtime Environment to continue.
# Native memory allocation (mmap) failed to map 260046848 bytes for G1 virtual space
# Possible reasons:
#   The system is out of physical RAM or swap space
#   The process is running with CompressedOops enabled, and the Java Heap may be blocking the growth of the native heap
# Possible solutions:
#   Reduce memory load on the system
#   Increase physical memory or swap space
#   Check if swap backing store is full
#   Decrease Java heap size (-Xmx/-Xms)
#   Decrease number of Java threads
#   Decrease Java thread stack sizes (-Xss)
#   Set larger code cache with -XX:ReservedCodeCacheSize=
#   JVM is running with Zero Based Compressed Oops mode in which the Java heap is
#     placed in the first 32GB address space. The Java Heap base address is the
#     maximum limit for the native heap growth. Please use -XX:HeapBaseMinAddress
#     to set the Java Heap base and to place the Java Heap above 32GB virtual address.
# This output file may be truncated or incomplete.
#
#  Out of Memory Error (os_windows.cpp:3600), pid=13632, tid=25048
#
# JRE version:  (21.0.2+13) (build )
# Java VM: Java HotSpot(TM) 64-Bit Server VM (21.0.2+13-LTS-58, mixed mode, sharing, tiered, compressed oops, compressed class ptrs, g1 gc, windows-amd64)
# No core dump will be written. Minidumps are not enabled by default on client versions of Windows
#

---------------  S U M M A R Y ------------

Command Line: -Dfile.encoding=UTF-8 -Dstdout.encoding=UTF-8 -Dstderr.encoding=UTF-8 -XX:+ShowCodeDetailsInExceptionMessages kurtsanor.TerminalAsessment

Host: AMD Ryzen 9 5900HX with Radeon Graphics        , 16 cores, 15G,  Windows 11 , 64 bit Build 22621 (10.0.22621.3085)
Time: Fri Mar 15 16:59:01 2024 Malay Peninsula Standard Time elapsed time: 0.007472 seconds (0d 0h 0m 0s)

---------------  T H R E A D  ---------------

Current thread (0x0000023046a67580):  JavaThread "Unknown thread" [_thread_in_vm, id=25048, stack(0x00000050cd700000,0x00000050cd800000) (1024K)]

Stack: [0x00000050cd700000,0x00000050cd800000]
Native frames: (J=compiled Java code, j=interpreted, Vv=VM code, C=native code)
V  [jvm.dll+0x6cade9]
V  [jvm.dll+0x8569c1]
V  [jvm.dll+0x858d2e]
V  [jvm.dll+0x859413]
V  [jvm.dll+0x280e56]
V  [jvm.dll+0x6c74d5]
V  [jvm.dll+0x6bbeca]
V  [jvm.dll+0x355bca]
V  [jvm.dll+0x35d816]
V  [jvm.dll+0x3ae67e]
V  [jvm.dll+0x3ae928]
V  [jvm.dll+0x3295dc]
V  [jvm.dll+0x32a16b]
V  [jvm.dll+0x81efa9]
V  [jvm.dll+0x3bba01]
V  [jvm.dll+0x807928]
V  [jvm.dll+0x44f50e]
V  [jvm.dll+0x450e11]
C  [jli.dll+0x52a3]
C  [ucrtbase.dll+0x29363]
C  [KERNEL32.DLL+0x1257d]
C  [ntdll.dll+0x5aa58]


---------------  P R O C E S S  ---------------

Threads class SMR info:
_java_thread_list=0x00007ffdb88cbb88, length=0, elements={
}

Java Threads: ( => current thread )
Total: 0

Other Threads:
  0x0000023048e38250 WorkerThread "GC Thread#0"                     [id=27620, stack(0x00000050cd800000,0x00000050cd900000) (1024K)]
  0x0000023048e49270 ConcurrentGCThread "G1 Main Marker"            [id=3628, stack(0x00000050cd900000,0x00000050cda00000) (1024K)]
  0x0000023048e4a510 WorkerThread "G1 Conc#0"                       [id=22024, stack(0x00000050cda00000,0x00000050cdb00000) (1024K)]

[error occurred during error reporting (printing all threads), id 0xc0000005, EXCEPTION_ACCESS_VIOLATION (0xc0000005) at pc=0x00007ffdb803c6a7]
VM state: not at safepoint (not fully initialized)

VM Mutex/Monitor currently owned by a thread:  ([mutex/lock_event])
[0x00007ffdb893ce68] Heap_lock - owner thread: 0x0000023046a67580

Heap address: 0x0000000709800000, size: 3944 MB, Compressed Oops mode: Zero based, Oop shift amount: 3

CDS archive(s) mapped at: [0x0000000000000000-0x0000000000000000-0x0000000000000000), size 0, SharedBaseAddress: 0x0000000800000000, ArchiveRelocationMode: 1.
Narrow klass base: 0x0000000000000000, Narrow klass shift: 0, Narrow klass range: 0x0

GC Precious Log:
 CardTable entry size: 512
 Card Set container configuration: InlinePtr #cards 4 size 8 Array Of Cards #cards 16 size 48 Howl #buckets 8 coarsen threshold 3686 Howl Bitmap #cards 512 size 80 coarsen threshold 460 Card regions per heap region 1 cards per card region 4096

Heap:
 garbage-first heap   total 0K, used 0K [0x0000000709800000, 0x0000000800000000)
  region size 2048K, 0 young (0K), 0 survivors (0K)

[error occurred during error reporting (printing heap information), id 0xc0000005, EXCEPTION_ACCESS_VIOLATION (0xc0000005) at pc=0x00007ffdb84239f9]
GC Heap History (0 events):
No events

Dll operation events (1 events):
Event: 0.005 Loaded shared library C:\Program Files\Java\jdk-21\bin\java.dll

Deoptimization events (0 events):
No events

Classes loaded (0 events):
No events

Classes unloaded (0 events):
No events

Classes redefined (0 events):
No events

Internal exceptions (0 events):
No events

ZGC Phase Switch (0 events):
No events

VM Operations (0 events):
No events

Events (0 events):
No events


Dynamic libraries:
0x00007ff6d83e0000 - 0x00007ff6d83f0000 	C:\Program Files\Java\jdk-21\bin\javaw.exe
0x00007ffdffad0000 - 0x00007ffdffce7000 	C:\WINDOWS\SYSTEM32\ntdll.dll
0x00007ffdfe2f0000 - 0x00007ffdfe3b4000 	C:\WINDOWS\System32\KERNEL32.DLL
0x00007ffdfd140000 - 0x00007ffdfd4e6000 	C:\WINDOWS\System32\KERNELBASE.dll
0x00007ffdfd020000 - 0x00007ffdfd131000 	C:\WINDOWS\System32\ucrtbase.dll
0x00007ffdef760000 - 0x00007ffdef77b000 	C:\Program Files\Java\jdk-21\bin\VCRUNTIME140.dll
0x00007ffdee900000 - 0x00007ffdee919000 	C:\Program Files\Java\jdk-21\bin\jli.dll
0x00007ffdfddc0000 - 0x00007ffdfde73000 	C:\WINDOWS\System32\ADVAPI32.dll
0x00007ffdfd820000 - 0x00007ffdfd8c7000 	C:\WINDOWS\System32\msvcrt.dll
0x00007ffdfda00000 - 0x00007ffdfdaa8000 	C:\WINDOWS\System32\sechost.dll
0x00007ffdfce10000 - 0x00007ffdfce38000 	C:\WINDOWS\System32\bcrypt.dll
0x00007ffdfdca0000 - 0x00007ffdfddb7000 	C:\WINDOWS\System32\RPCRT4.dll
0x00007ffdfde80000 - 0x00007ffdfe02e000 	C:\WINDOWS\System32\USER32.dll
0x00007ffdfd780000 - 0x00007ffdfd7a6000 	C:\WINDOWS\System32\win32u.dll
0x00007ffde9cd0000 - 0x00007ffde9f63000 	C:\WINDOWS\WinSxS\amd64_microsoft.windows.common-controls_6595b64144ccf1df_6.0.22621.2506_none_270c5ae97388e100\COMCTL32.dll
0x00007ffdfd8d0000 - 0x00007ffdfd8f9000 	C:\WINDOWS\System32\GDI32.dll
0x00007ffdfcf00000 - 0x00007ffdfd018000 	C:\WINDOWS\System32\gdi32full.dll
0x00007ffdfd570000 - 0x00007ffdfd60a000 	C:\WINDOWS\System32\msvcp_win.dll
0x00007ffdf4e90000 - 0x00007ffdf4e9a000 	C:\WINDOWS\SYSTEM32\VERSION.dll
0x00007ffdfe560000 - 0x00007ffdfe591000 	C:\WINDOWS\System32\IMM32.DLL
0x00007ffdf4990000 - 0x00007ffdf499c000 	C:\Program Files\Java\jdk-21\bin\vcruntime140_1.dll
0x00007ffdec9e0000 - 0x00007ffdeca6e000 	C:\Program Files\Java\jdk-21\bin\msvcp140.dll
0x00007ffdb7d00000 - 0x00007ffdb8a17000 	C:\Program Files\Java\jdk-21\bin\server\jvm.dll
0x00007ffdff4b0000 - 0x00007ffdff521000 	C:\WINDOWS\System32\WS2_32.dll
0x00007ffdfc010000 - 0x00007ffdfc05d000 	C:\WINDOWS\SYSTEM32\POWRPROF.dll
0x00007ffdf3a60000 - 0x00007ffdf3a94000 	C:\WINDOWS\SYSTEM32\WINMM.dll
0x00007ffdfbff0000 - 0x00007ffdfc003000 	C:\WINDOWS\SYSTEM32\UMPDC.dll
0x00007ffdfbe90000 - 0x00007ffdfbea8000 	C:\WINDOWS\SYSTEM32\kernel.appcore.dll
0x00007ffdf3cf0000 - 0x00007ffdf3cfa000 	C:\Program Files\Java\jdk-21\bin\jimage.dll
0x00007ffdfa160000 - 0x00007ffdfa393000 	C:\WINDOWS\SYSTEM32\DBGHELP.DLL
0x00007ffdfe7d0000 - 0x00007ffdfeb59000 	C:\WINDOWS\System32\combase.dll
0x00007ffdfe030000 - 0x00007ffdfe107000 	C:\WINDOWS\System32\OLEAUT32.dll
0x00007ffdf1840000 - 0x00007ffdf1872000 	C:\WINDOWS\SYSTEM32\dbgcore.DLL
0x00007ffdfd4f0000 - 0x00007ffdfd56a000 	C:\WINDOWS\System32\bcryptPrimitives.dll
0x00007ffdece60000 - 0x00007ffdece7f000 	C:\Program Files\Java\jdk-21\bin\java.dll

dbghelp: loaded successfully - version: 4.0.5 - missing functions: none
symbol engine: initialized successfully - sym options: 0x614 - pdb path: .;C:\Program Files\Java\jdk-21\bin;C:\WINDOWS\SYSTEM32;C:\WINDOWS\WinSxS\amd64_microsoft.windows.common-controls_6595b64144ccf1df_6.0.22621.2506_none_270c5ae97388e100;C:\Program Files\Java\jdk-21\bin\server

VM Arguments:
jvm_args: -Dfile.encoding=UTF-8 -Dstdout.encoding=UTF-8 -Dstderr.encoding=UTF-8 -XX:+ShowCodeDetailsInExceptionMessages 
java_command: kurtsanor.TerminalAsessment
java_class_path (initial): C:\Users\keith\git\repository2\Comprog 1 TA\bin
Launcher Type: SUN_STANDARD

[Global flags]
     intx CICompilerCount                          = 12                                        {product} {ergonomic}
     uint ConcGCThreads                            = 3                                         {product} {ergonomic}
     uint G1ConcRefinementThreads                  = 13                                        {product} {ergonomic}
   size_t G1HeapRegionSize                         = 2097152                                   {product} {ergonomic}
    uintx GCDrainStackTargetSize                   = 64                                        {product} {ergonomic}
   size_t InitialHeapSize                          = 260046848                                 {product} {ergonomic}
   size_t MarkStackSize                            = 4194304                                   {product} {ergonomic}
   size_t MaxHeapSize                              = 4135583744                                {product} {ergonomic}
   size_t MinHeapDeltaBytes                        = 2097152                                   {product} {ergonomic}
   size_t MinHeapSize                              = 8388608                                   {product} {ergonomic}
    uintx NonNMethodCodeHeapSize                   = 7602480                                {pd product} {ergonomic}
    uintx NonProfiledCodeHeapSize                  = 122027880                              {pd product} {ergonomic}
    uintx ProfiledCodeHeapSize                     = 122027880                              {pd product} {ergonomic}
    uintx ReservedCodeCacheSize                    = 251658240                              {pd product} {ergonomic}
     bool SegmentedCodeCache                       = true                                      {product} {ergonomic}
     bool ShowCodeDetailsInExceptionMessages       = true                                   {manageable} {command line}
   size_t SoftMaxHeapSize                          = 4135583744                             {manageable} {ergonomic}
     bool UseCompressedOops                        = true                           {product lp64_product} {ergonomic}
     bool UseG1GC                                  = true                                      {product} {ergonomic}
     bool UseLargePagesIndividualAllocation        = false                                  {pd product} {ergonomic}

Logging:
Log output configuration:
 #0: stdout all=warning uptime,level,tags foldmultilines=false
 #1: stderr all=off uptime,level,tags foldmultilines=false

Environment Variables:
JAVA_HOME=C:\Program Files\Java\jdk-21
PATH=C:\Program Files\Common Files\Oracle\Java\javapath;c:\program files (x86)\imagemagick-6.3.5-q16;C:\WINDOWS\system32;C:\WINDOWS;C:\WINDOWS\System32\Wbem;C:\WINDOWS\System32\WindowsPowerShell\v1.0\;C:\WINDOWS\System32\OpenSSH\;C:\Program Files\Java\jdk-21\bin;C:\Program Files\dotnet\;c:\program files (x86)\gs\gs8.63\bin;c:\redas\gmt\bin
USERNAME=keith
OS=Windows_NT
PROCESSOR_IDENTIFIER=AMD64 Family 25 Model 80 Stepping 0, AuthenticAMD
TMP=C:\Users\keith\AppData\Local\Temp
TEMP=C:\Users\keith\AppData\Local\Temp




Periodic native trim disabled

---------------  S Y S T E M  ---------------

OS:
 Windows 11 , 64 bit Build 22621 (10.0.22621.3085)
OS uptime: 7 days 1:31 hours
Hyper-V role detected

CPU: total 16 (initial active 16) (16 cores per cpu, 2 threads per core) family 25 model 80 stepping 0 microcode 0x0, cx8, cmov, fxsr, ht, mmx, 3dnowpref, sse, sse2, sse3, ssse3, sse4a, sse4.1, sse4.2, popcnt, lzcnt, tsc, tscinvbit, avx, avx2, aes, erms, clmul, bmi1, bmi2, adx, sha, fma, vzeroupper, clflush, clflushopt, hv, rdtscp, rdpid, fsrm, f16c, cet_ss
Processor Information for all 16 processors :
  Max Mhz: 3301, Current Mhz: 3301, Mhz Limit: 3301

Memory: 4k page, system-wide physical 15774M (7772M free)
TotalPageFile size 64926M (AvailPageFile size 192M)
current process WorkingSet (physical memory assigned to process): 12M, peak: 12M
current process commit charge ("private bytes"): 70M, peak: 318M

vm_info: Java HotSpot(TM) 64-Bit Server VM (21.0.2+13-LTS-58) for windows-amd64 JRE (21.0.2+13-LTS-58), built on 2024-01-05T18:32:24Z by "mach5one" with MS VC++ 17.1 (VS2022)

END.
